<?xml version="1.0" encoding="UTF-8"?>
<!-- Generated by org.testng.reporters.JUnitReportReporter -->
<testsuite hostname="LAPTOP-31G2U0CT" failures="0" tests="1" name="com.example.searchadd.SearchAdd" time="29.465" errors="0" timestamp="2022-10-03T11:52:43 IST" skipped="0">
  <testcase classname="com.example.searchadd.SearchAdd" name="f" time="29.465"/>
  <system-out/>
</testsuite> <!-- com.example.searchadd.SearchAdd -->
