<?xml version="1.0" encoding="UTF-8"?>
<!-- Generated by org.testng.reporters.JUnitReportReporter -->
<testsuite hostname="LAPTOP-31G2U0CT" failures="0" tests="1" name="com.example.invalid.InvalidLogin" time="5.324" errors="0" timestamp="2022-10-03T11:40:40 IST" skipped="0">
  <testcase classname="com.example.invalid.InvalidLogin" name="f" time="5.324"/>
  <system-out/>
</testsuite> <!-- com.example.invalid.InvalidLogin -->
