<?xml version="1.0" encoding="UTF-8"?>
<!-- Generated by org.testng.reporters.JUnitReportReporter -->
<testsuite hostname="LAPTOP-31G2U0CT" failures="0" tests="1" name="com.example.valid.ValidLogin" time="5.602" errors="0" timestamp="2022-10-03T12:14:39 IST" skipped="0">
  <testcase classname="com.example.valid.ValidLogin" name="f" time="5.602"/>
  <system-out/>
</testsuite> <!-- com.example.valid.ValidLogin -->
